// 重构日志: 529e3133
// 重构日志: c7eff63b
// 重构日志: 0ad4cc20
// 重构日志: 416a080b
// 重构日志: ce1c36bb
// 重构日志: 4147e1ca
// 重构日志: 50addfa0
// 重构日志: e0d26b2a
// 重构日志: 642717a7
// 同步 ID: 572ffd49 @ Sat May  2 07:12:42 UTC 2026
// 同步 ID: 4541d20b @ Sat May  2 20:22:21 UTC 2026
// 重构日志: fedcb1fd
// 重构日志: a32f2b2e
// 重构日志: 2b87fefe
// 重构日志: 9296e58f
// 重构日志: 5f5d0b1b
// 重构日志: e474b5ec
// 同步 ID: 400f6989 @ Fri May  8 10:58:22 UTC 2026
// 重构日志: be51b581
// 重构日志: 8bb9ad14
// 重构日志: a28999d0
// 重构日志: 6ac089fb
// 重构日志: cd486681
// 同步 ID: 5e265537 @ Sat May 16 14:46:36 UTC 2026
// 重构日志: 28f40d09
// 同步 ID: 2478f4d4 @ Sun May 17 09:17:16 UTC 2026
